<?xml version="1.0" encoding="UTF-8"?>
<testng-results ignored="0" total="1" passed="1" failed="0" skipped="0">
  <reporter-output>
  </reporter-output>
  <suite started-at="2021-10-08T02:07:51Z" name="IPL Scores Test Suite" finished-at="2021-10-08T02:07:59Z" duration-ms="8047">
    <groups>
    </groups>
    <test started-at="2021-10-08T02:07:51Z" name="Default test" finished-at="2021-10-08T02:07:59Z" duration-ms="8047">
      <class name="org.com.runner.TestRunner">
        <test-method is-config="true" signature="initialize()[pri:0, instance:org.com.runner.TestRunner@3c77d488]" started-at="2021-10-08T02:07:09Z" name="initialize" finished-at="2021-10-08T02:07:51Z" duration-ms="42483" status="PASS">
          <reporter-output>
          </reporter-output>
        </test-method> <!-- initialize -->
        <test-method signature="init()[pri:0, instance:org.com.runner.TestRunner@3c77d488]" started-at="2021-10-08T02:07:52Z" name="init" finished-at="2021-10-08T02:07:59Z" duration-ms="7889" status="PASS">
          <reporter-output>
          </reporter-output>
        </test-method> <!-- init -->
        <test-method is-config="true" signature="TeardownTest()[pri:0, instance:org.com.runner.TestRunner@3c77d488]" started-at="2021-10-08T02:08:00Z" name="TeardownTest" finished-at="2021-10-08T02:08:01Z" duration-ms="1131" status="PASS">
          <reporter-output>
          </reporter-output>
        </test-method> <!-- TeardownTest -->
      </class> <!-- org.com.runner.TestRunner -->
    </test> <!-- Default test -->
  </suite> <!-- IPL Scores Test Suite -->
</testng-results>
