<?xml version="1.0" encoding="UTF-8"?>
<testng-results ignored="0" total="1" passed="1" failed="0" skipped="0">
  <reporter-output>
  </reporter-output>
  <suite started-at="2021-09-29T20:06:45Z" name="IPL Scores Test Suite" finished-at="2021-09-29T20:06:48Z" duration-ms="3154">
    <groups>
    </groups>
    <test started-at="2021-09-29T20:06:45Z" name="Default test" finished-at="2021-09-29T20:06:48Z" duration-ms="3154">
      <class name="org.com.runner.TestRunner">
        <test-method is-config="true" signature="initialize()[pri:0, instance:org.com.runner.TestRunner@3c77d488]" started-at="2021-09-29T20:06:36Z" name="initialize" finished-at="2021-09-29T20:06:45Z" duration-ms="8753" status="PASS">
          <reporter-output>
          </reporter-output>
        </test-method> <!-- initialize -->
        <test-method signature="init()[pri:0, instance:org.com.runner.TestRunner@3c77d488]" started-at="2021-09-29T20:06:45Z" name="init" finished-at="2021-09-29T20:06:48Z" duration-ms="3115" status="PASS">
          <reporter-output>
          </reporter-output>
        </test-method> <!-- init -->
        <test-method is-config="true" signature="TeardownTest()[pri:0, instance:org.com.runner.TestRunner@3c77d488]" started-at="2021-09-29T20:06:48Z" name="TeardownTest" finished-at="2021-09-29T20:06:49Z" duration-ms="884" status="PASS">
          <reporter-output>
          </reporter-output>
        </test-method> <!-- TeardownTest -->
      </class> <!-- org.com.runner.TestRunner -->
    </test> <!-- Default test -->
  </suite> <!-- IPL Scores Test Suite -->
</testng-results>
